Start testing: Jun 10 09:03 Central Daylight Time
----------------------------------------------------------
1/1 Testing: InternalTests
1/1 Test: InternalTests
Command: "D:/Documents/Code/Personal Projects/Dialogue-Driver/build/tests/internal_tests.exe"
Directory: D:/Documents/Code/Personal Projects/Dialogue-Driver/build/tests
"InternalTests" start time: Jun 10 09:03 Central Daylight Time
Output:
----------------------------------------------------------
Running main() from D:/Documents/Code/Personal Projects/Dialogue-Driver/libs/googletest/googletest/src/gtest_main.cc
[==========] Running 2 tests from 1 test suite.
[----------] Global test environment set-up.
[----------] 2 tests from Facts
[ RUN      ] Facts.Fact_Construction
Copying 4 Bytes
Successfully copied!
<end of output>
Test time =   0.08 sec
----------------------------------------------------------
Test Failed.
"InternalTests" end time: Jun 10 09:03 Central Daylight Time
"InternalTests" time elapsed: 00:00:00
----------------------------------------------------------

End testing: Jun 10 09:03 Central Daylight Time
