Start testing: May 27 22:49 Central Daylight Time
----------------------------------------------------------
1/1 Testing: InternalTests
1/1 Test: InternalTests
Command: "D:/Documents/Code/Personal Projects/Dialogue-Driver/build/tests/internal_tests.exe"
Directory: D:/Documents/Code/Personal Projects/Dialogue-Driver/build/tests
"InternalTests" start time: May 27 22:49 Central Daylight Time
Output:
----------------------------------------------------------
Running main() from D:/Documents/Code/Personal Projects/Dialogue-Driver/libs/googletest/googletest/src/gtest_main.cc
[==========] Running 2 tests from 1 test suite.
[----------] Global test environment set-up.
[----------] 2 tests from Facts
[ RUN      ] Facts.Fact_Construction
Getting type of: f
Copying 4 Bytes
Getting type of: PKc
Copying 8 Bytes
<end of output>
Test time =   0.16 sec
----------------------------------------------------------
Test Failed.
"InternalTests" end time: May 27 22:49 Central Daylight Time
"InternalTests" time elapsed: 00:00:00
----------------------------------------------------------

End testing: May 27 22:49 Central Daylight Time
