Start testing: Jun 14 01:16 Eastern Daylight Time
----------------------------------------------------------
1/1 Testing: InternalTests
1/1 Test: InternalTests
Command: "D:/Documents/Code/Personal Projects/Dialogue-Driver/build/tests/internal_tests.exe"
Directory: D:/Documents/Code/Personal Projects/Dialogue-Driver/build/tests
"InternalTests" start time: Jun 14 01:16 Eastern Daylight Time
Output:
----------------------------------------------------------
Running main() from D:/Documents/Code/Personal Projects/Dialogue-Driver/libs/googletest/googletest/src/gtest_main.cc
[==========] Running 21 tests from 1 test suite.
[----------] Global test environment set-up.
[----------] 21 tests from Facts
[ RUN      ] Facts.Fact_Construction
[       OK ] Facts.Fact_Construction (0 ms)
[ RUN      ] Facts.Fact_Float
[       OK ] Facts.Fact_Float (0 ms)
[ RUN      ] Facts.Fact_String
[       OK ] Facts.Fact_String (0 ms)
[ RUN      ] Facts.Fact_Comparison_Across_Types
[       OK ] Facts.Fact_Comparison_Across_Types (0 ms)
[ RUN      ] Facts.Fact_Invalid_Comparisons
[       OK ] Facts.Fact_Invalid_Comparisons (0 ms)
[ RUN      ] Facts.Fact_Copy_Constructor
[       OK ] Facts.Fact_Copy_Constructor (0 ms)
[ RUN      ] Facts.Fact_Comparison_Operators
[       OK ] Facts.Fact_Comparison_Operators (0 ms)
[ RUN      ] Facts.Fact_Assignment_and_Get_Methods
[       OK ] Facts.Fact_Assignment_and_Get_Methods (0 ms)
[ RUN      ] Facts.Fact_Bad_Variant_Access
[       OK ] Facts.Fact_Bad_Variant_Access (0 ms)
[ RUN      ] Facts.Fact_Complex_Comparison_Int_Float
[       OK ] Facts.Fact_Complex_Comparison_Int_Float (0 ms)
[ RUN      ] Facts.Fact_Complex_Comparison_Int
[       OK ] Facts.Fact_Complex_Comparison_Int (0 ms)
[ RUN      ] Facts.Fact_Complex_Comparison_Bool
[       OK ] Facts.Fact_Complex_Comparison_Bool (0 ms)
[ RUN      ] Facts.Fact_Complex_Comparison_String
[       OK ] Facts.Fact_Complex_Comparison_String (0 ms)
[ RUN      ] Facts.Fact_Comparison_With_Integer_Constants
[       OK ] Facts.Fact_Comparison_With_Integer_Constants (0 ms)
[ RUN      ] Facts.Fact_Comparison_With_Float_Constants
[       OK ] Facts.Fact_Comparison_With_Float_Constants (0 ms)
[ RUN      ] Facts.Fact_Comparison_With_Boolean_Constants
[       OK ] Facts.Fact_Comparison_With_Boolean_Constants (0 ms)
[ RUN      ] Facts.Fact_Comparison_With_String_Constants
[       OK ] Facts.Fact_Comparison_With_String_Constants (0 ms)
[ RUN      ] Facts.Fact_Comparison_With_Mismatching_Integer_Constants
[       OK ] Facts.Fact_Comparison_With_Mismatching_Integer_Constants (0 ms)
[ RUN      ] Facts.Fact_Comparison_With_Mismatching_Float_Constants
[       OK ] Facts.Fact_Comparison_With_Mismatching_Float_Constants (0 ms)
[ RUN      ] Facts.Fact_Comparison_With_Mismatching_Boolean_Constants
[       OK ] Facts.Fact_Comparison_With_Mismatching_Boolean_Constants (0 ms)
[ RUN      ] Facts.Fact_Comparison_With_Mismatching_String_Constants
[       OK ] Facts.Fact_Comparison_With_Mismatching_String_Constants (0 ms)
[----------] 21 tests from Facts (0 ms total)

[----------] Global test environment tear-down
[==========] 21 tests from 1 test suite ran. (0 ms total)
[  PASSED  ] 21 tests.
<end of output>
Test time =   0.07 sec
----------------------------------------------------------
Test Passed.
"InternalTests" end time: Jun 14 01:16 Eastern Daylight Time
"InternalTests" time elapsed: 00:00:00
----------------------------------------------------------

End testing: Jun 14 01:16 Eastern Daylight Time
