<?xml version="1.0" encoding="UTF-8"?>
<Site BuildName="(empty)"
	BuildStamp="20230528-0221-Experimental"
	Name="(empty)"
	Generator="ctest-3.26.3"
	CompilerName=""
	CompilerVersion=""
	OSName="Windows"
	Hostname="LAPTOP-K58UBCE4"
	OSRelease=" Personal"
	OSVersion=" (Build 22621)"
	OSPlatform="AMD64"
	Is64Bits="1"
	VendorString="AuthenticAMD"
	VendorID="Advanced Micro Devices"
	FamilyID="15"
	ModelID="0"
	ProcessorCacheSize="64"
	NumberOfLogicalCPU="16"
	NumberOfPhysicalCPU="8"
	TotalVirtualMemory="21868"
	TotalPhysicalMemory="14188"
	LogicalProcessorsPerPhysical="2"
	ProcessorClockFrequency="3193"
	>
	<Testing>
		<StartDateTime>May 27 22:49 Central Daylight Time</StartDateTime>
		<StartTestTime>1685245794</StartTestTime>
		<TestList>
			<Test>./tests/InternalTests</Test>
		</TestList>
		<Test Status="failed">
			<Name>InternalTests</Name>
			<Path>./tests</Path>
			<FullName>./tests/InternalTests</FullName>
			<FullCommandLine>"D:\Documents\Code\Personal Projects\Dialogue-Driver\build\tests\internal_tests.exe"</FullCommandLine>
			<Results>
				<NamedMeasurement type="text/string" name="Exit Code">
					<Value>Exit code 0xc0000374
</Value>
				</NamedMeasurement>
				<NamedMeasurement type="text/string" name="Exit Value">
					<Value>3221226356</Value>
				</NamedMeasurement>
				<NamedMeasurement type="numeric/double" name="Execution Time">
					<Value>0.160318</Value>
				</NamedMeasurement>
				<NamedMeasurement type="numeric/double" name="Processors">
					<Value>1</Value>
				</NamedMeasurement>
				<NamedMeasurement type="text/string" name="Completion Status">
					<Value>Completed</Value>
				</NamedMeasurement>
				<NamedMeasurement type="text/string" name="Command Line">
					<Value>"D:\Documents\Code\Personal Projects\Dialogue-Driver\build\tests\internal_tests.exe"</Value>
				</NamedMeasurement>
				<NamedMeasurement type="text/string" name="Environment">
					<Value>#CTEST_RESOURCE_GROUP_COUNT=</Value>
				</NamedMeasurement>
				<Measurement>
					<Value encoding="base64" compression="gzip">eJxljj1rwzAQhnf/ihubwRYtHUqgS22aoRCMoZMxwVHPQkG+M9Ip4H9fywmmH+8gTq8eTk8TiSwZGHtLDzsYPI9Q7VXFOo5IElTJX6hq9IGpd1B7vqBe6sr2jk3EvPL2il45ew7KMBuHgkF+jsFrZdJ0Sp8UWmft65YOmrvBEyQm3BQe1wuEaAWLrM23dHBwfF5M1nekq/VMyRQCSh6nP/Cvpe/9Yp610HweYU13q4p0nkqmID5qsUzZAUWSlMwTAg97GLKSpzlVz/A2L0v/I/WH3qCXO/QN74h16w==</Value>
				</Measurement>
			</Results>
		</Test>
		<EndDateTime>May 27 22:49 Central Daylight Time</EndDateTime>
		<EndTestTime>1685245795</EndTestTime>
		<ElapsedMinutes>0</ElapsedMinutes>
	</Testing>
</Site>
